<?xml version="1.0" encoding="UTF-8"?>
<testsuite xmlns:xsi="http://www.w3.org/2001/XMLSchema-instance" xsi:noNamespaceSchemaLocation="https://maven.apache.org/surefire/maven-surefire-plugin/xsd/surefire-test-report.xsd" name="ru.netology.service.FileServiceTest" time="0.322" tests="13" errors="0" skipped="0" failures="0">
  <properties>
    <property name="java.specification.version" value="21"/>
    <property name="sun.jnu.encoding" value="UTF-8"/>
    <property name="java.class.path" value="/Users/darya/IdeaProjects/DiplomaCloud/target/test-classes:/Users/darya/IdeaProjects/DiplomaCloud/target/classes:/Users/darya/.m2/repository/org/springframework/boot/spring-boot-starter-data-jpa/2.6.1/spring-boot-starter-data-jpa-2.6.1.jar:/Users/darya/.m2/repository/org/springframework/boot/spring-boot-starter-aop/2.6.1/spring-boot-starter-aop-2.6.1.jar:/Users/darya/.m2/repository/org/aspectj/aspectjweaver/1.9.7/aspectjweaver-1.9.7.jar:/Users/darya/.m2/repository/org/springframework/boot/spring-boot-starter-jdbc/2.6.1/spring-boot-starter-jdbc-2.6.1.jar:/Users/darya/.m2/repository/com/zaxxer/HikariCP/4.0.3/HikariCP-4.0.3.jar:/Users/darya/.m2/repository/org/springframework/spring-jdbc/5.3.13/spring-jdbc-5.3.13.jar:/Users/darya/.m2/repository/jakarta/transaction/jakarta.transaction-api/1.3.3/jakarta.transaction-api-1.3.3.jar:/Users/darya/.m2/repository/jakarta/persistence/jakarta.persistence-api/2.2.3/jakarta.persistence-api-2.2.3.jar:/Users/darya/.m2/repository/org/hibernate/hibernate-core/5.6.1.Final/hibernate-core-5.6.1.Final.jar:/Users/darya/.m2/repository/org/jboss/logging/jboss-logging/3.4.2.Final/jboss-logging-3.4.2.Final.jar:/Users/darya/.m2/repository/net/bytebuddy/byte-buddy/1.11.22/byte-buddy-1.11.22.jar:/Users/darya/.m2/repository/antlr/antlr/2.7.7/antlr-2.7.7.jar:/Users/darya/.m2/repository/org/jboss/jandex/2.2.3.Final/jandex-2.2.3.Final.jar:/Users/darya/.m2/repository/com/fasterxml/classmate/1.5.1/classmate-1.5.1.jar:/Users/darya/.m2/repository/org/hibernate/common/hibernate-commons-annotations/5.1.2.Final/hibernate-commons-annotations-5.1.2.Final.jar:/Users/darya/.m2/repository/org/glassfish/jaxb/jaxb-runtime/2.3.5/jaxb-runtime-2.3.5.jar:/Users/darya/.m2/repository/org/glassfish/jaxb/txw2/2.3.5/txw2-2.3.5.jar:/Users/darya/.m2/repository/com/sun/istack/istack-commons-runtime/3.0.12/istack-commons-runtime-3.0.12.jar:/Users/darya/.m2/repository/com/sun/activation/jakarta.activation/1.2.2/jakarta.activation-1.2.2.jar:/Users/darya/.m2/repository/org/springframework/data/spring-data-jpa/2.6.0/spring-data-jpa-2.6.0.jar:/Users/darya/.m2/repository/org/springframework/data/spring-data-commons/2.6.0/spring-data-commons-2.6.0.jar:/Users/darya/.m2/repository/org/springframework/spring-orm/5.3.13/spring-orm-5.3.13.jar:/Users/darya/.m2/repository/org/springframework/spring-context/5.3.13/spring-context-5.3.13.jar:/Users/darya/.m2/repository/org/springframework/spring-tx/5.3.13/spring-tx-5.3.13.jar:/Users/darya/.m2/repository/org/springframework/spring-beans/5.3.13/spring-beans-5.3.13.jar:/Users/darya/.m2/repository/org/springframework/spring-aspects/5.3.13/spring-aspects-5.3.13.jar:/Users/darya/.m2/repository/org/springframework/boot/spring-boot-starter-security/2.6.1/spring-boot-starter-security-2.6.1.jar:/Users/darya/.m2/repository/org/springframework/boot/spring-boot-starter/2.6.1/spring-boot-starter-2.6.1.jar:/Users/darya/.m2/repository/org/springframework/boot/spring-boot/2.6.1/spring-boot-2.6.1.jar:/Users/darya/.m2/repository/org/springframework/boot/spring-boot-autoconfigure/2.6.1/spring-boot-autoconfigure-2.6.1.jar:/Users/darya/.m2/repository/org/springframework/boot/spring-boot-starter-logging/2.6.1/spring-boot-starter-logging-2.6.1.jar:/Users/darya/.m2/repository/org/apache/logging/log4j/log4j-to-slf4j/2.14.1/log4j-to-slf4j-2.14.1.jar:/Users/darya/.m2/repository/org/apache/logging/log4j/log4j-api/2.14.1/log4j-api-2.14.1.jar:/Users/darya/.m2/repository/org/slf4j/jul-to-slf4j/1.7.32/jul-to-slf4j-1.7.32.jar:/Users/darya/.m2/repository/jakarta/annotation/jakarta.annotation-api/1.3.5/jakarta.annotation-api-1.3.5.jar:/Users/darya/.m2/repository/org/yaml/snakeyaml/1.29/snakeyaml-1.29.jar:/Users/darya/.m2/repository/org/springframework/spring-aop/5.3.13/spring-aop-5.3.13.jar:/Users/darya/.m2/repository/org/springframework/security/spring-security-config/5.6.0/spring-security-config-5.6.0.jar:/Users/darya/.m2/repository/org/springframework/security/spring-security-web/5.6.0/spring-security-web-5.6.0.jar:/Users/darya/.m2/repository/org/springframework/spring-expression/5.3.13/spring-expression-5.3.13.jar:/Users/darya/.m2/repository/org/springframework/boot/spring-boot-starter-web/2.6.1/spring-boot-starter-web-2.6.1.jar:/Users/darya/.m2/repository/org/springframework/boot/spring-boot-starter-json/2.6.1/spring-boot-starter-json-2.6.1.jar:/Users/darya/.m2/repository/com/fasterxml/jackson/datatype/jackson-datatype-jdk8/2.13.0/jackson-datatype-jdk8-2.13.0.jar:/Users/darya/.m2/repository/com/fasterxml/jackson/datatype/jackson-datatype-jsr310/2.13.0/jackson-datatype-jsr310-2.13.0.jar:/Users/darya/.m2/repository/com/fasterxml/jackson/module/jackson-module-parameter-names/2.13.0/jackson-module-parameter-names-2.13.0.jar:/Users/darya/.m2/repository/org/springframework/boot/spring-boot-starter-tomcat/2.6.1/spring-boot-starter-tomcat-2.6.1.jar:/Users/darya/.m2/repository/org/apache/tomcat/embed/tomcat-embed-core/9.0.55/tomcat-embed-core-9.0.55.jar:/Users/darya/.m2/repository/org/apache/tomcat/embed/tomcat-embed-el/9.0.55/tomcat-embed-el-9.0.55.jar:/Users/darya/.m2/repository/org/apache/tomcat/embed/tomcat-embed-websocket/9.0.55/tomcat-embed-websocket-9.0.55.jar:/Users/darya/.m2/repository/org/springframework/spring-web/5.3.13/spring-web-5.3.13.jar:/Users/darya/.m2/repository/org/springframework/spring-webmvc/5.3.13/spring-webmvc-5.3.13.jar:/Users/darya/.m2/repository/org/postgresql/postgresql/42.7.1/postgresql-42.7.1.jar:/Users/darya/.m2/repository/org/checkerframework/checker-qual/3.41.0/checker-qual-3.41.0.jar:/Users/darya/.m2/repository/org/projectlombok/lombok/1.18.30/lombok-1.18.30.jar:/Users/darya/.m2/repository/org/springframework/boot/spring-boot-starter-test/2.6.1/spring-boot-starter-test-2.6.1.jar:/Users/darya/.m2/repository/org/springframework/boot/spring-boot-test/2.6.1/spring-boot-test-2.6.1.jar:/Users/darya/.m2/repository/org/springframework/boot/spring-boot-test-autoconfigure/2.6.1/spring-boot-test-autoconfigure-2.6.1.jar:/Users/darya/.m2/repository/com/jayway/jsonpath/json-path/2.6.0/json-path-2.6.0.jar:/Users/darya/.m2/repository/net/minidev/json-smart/2.4.7/json-smart-2.4.7.jar:/Users/darya/.m2/repository/net/minidev/accessors-smart/2.4.7/accessors-smart-2.4.7.jar:/Users/darya/.m2/repository/org/ow2/asm/asm/9.1/asm-9.1.jar:/Users/darya/.m2/repository/jakarta/xml/bind/jakarta.xml.bind-api/2.3.3/jakarta.xml.bind-api-2.3.3.jar:/Users/darya/.m2/repository/jakarta/activation/jakarta.activation-api/1.2.2/jakarta.activation-api-1.2.2.jar:/Users/darya/.m2/repository/org/assertj/assertj-core/3.21.0/assertj-core-3.21.0.jar:/Users/darya/.m2/repository/org/hamcrest/hamcrest/2.2/hamcrest-2.2.jar:/Users/darya/.m2/repository/org/junit/jupiter/junit-jupiter/5.8.1/junit-jupiter-5.8.1.jar:/Users/darya/.m2/repository/org/junit/jupiter/junit-jupiter-params/5.8.1/junit-jupiter-params-5.8.1.jar:/Users/darya/.m2/repository/org/junit/jupiter/junit-jupiter-engine/5.8.1/junit-jupiter-engine-5.8.1.jar:/Users/darya/.m2/repository/org/junit/platform/junit-platform-engine/1.8.1/junit-platform-engine-1.8.1.jar:/Users/darya/.m2/repository/org/mockito/mockito-core/4.0.0/mockito-core-4.0.0.jar:/Users/darya/.m2/repository/net/bytebuddy/byte-buddy-agent/1.11.22/byte-buddy-agent-1.11.22.jar:/Users/darya/.m2/repository/org/objenesis/objenesis/3.2/objenesis-3.2.jar:/Users/darya/.m2/repository/org/mockito/mockito-junit-jupiter/4.0.0/mockito-junit-jupiter-4.0.0.jar:/Users/darya/.m2/repository/org/skyscreamer/jsonassert/1.5.0/jsonassert-1.5.0.jar:/Users/darya/.m2/repository/com/vaadin/external/google/android-json/0.0.20131108.vaadin1/android-json-0.0.20131108.vaadin1.jar:/Users/darya/.m2/repository/org/springframework/spring-core/5.3.13/spring-core-5.3.13.jar:/Users/darya/.m2/repository/org/springframework/spring-jcl/5.3.13/spring-jcl-5.3.13.jar:/Users/darya/.m2/repository/org/springframework/spring-test/5.3.13/spring-test-5.3.13.jar:/Users/darya/.m2/repository/org/xmlunit/xmlunit-core/2.8.3/xmlunit-core-2.8.3.jar:/Users/darya/.m2/repository/org/springframework/security/spring-security-test/5.6.0/spring-security-test-5.6.0.jar:/Users/darya/.m2/repository/org/springframework/security/spring-security-core/5.6.0/spring-security-core-5.6.0.jar:/Users/darya/.m2/repository/org/springframework/security/spring-security-crypto/5.6.0/spring-security-crypto-5.6.0.jar:/Users/darya/.m2/repository/javax/validation/validation-api/2.0.1.Final/validation-api-2.0.1.Final.jar:/Users/darya/.m2/repository/ch/qos/logback/logback-classic/1.2.3/logback-classic-1.2.3.jar:/Users/darya/.m2/repository/ch/qos/logback/logback-core/1.2.7/logback-core-1.2.7.jar:/Users/darya/.m2/repository/org/slf4j/slf4j-api/1.7.32/slf4j-api-1.7.32.jar:/Users/darya/.m2/repository/org/apache/httpcomponents/httpclient/4.5.13/httpclient-4.5.13.jar:/Users/darya/.m2/repository/org/apache/httpcomponents/httpcore/4.4.14/httpcore-4.4.14.jar:/Users/darya/.m2/repository/commons-codec/commons-codec/1.15/commons-codec-1.15.jar:/Users/darya/.m2/repository/org/testcontainers/junit-jupiter/1.16.2/junit-jupiter-1.16.2.jar:/Users/darya/.m2/repository/org/testcontainers/testcontainers/1.16.2/testcontainers-1.16.2.jar:/Users/darya/.m2/repository/junit/junit/4.13.2/junit-4.13.2.jar:/Users/darya/.m2/repository/org/hamcrest/hamcrest-core/2.2/hamcrest-core-2.2.jar:/Users/darya/.m2/repository/org/apache/commons/commons-compress/1.21/commons-compress-1.21.jar:/Users/darya/.m2/repository/org/rnorth/duct-tape/duct-tape/1.0.8/duct-tape-1.0.8.jar:/Users/darya/.m2/repository/org/jetbrains/annotations/17.0.0/annotations-17.0.0.jar:/Users/darya/.m2/repository/com/github/docker-java/docker-java-api/3.2.12/docker-java-api-3.2.12.jar:/Users/darya/.m2/repository/com/github/docker-java/docker-java-transport-zerodep/3.2.12/docker-java-transport-zerodep-3.2.12.jar:/Users/darya/.m2/repository/com/github/docker-java/docker-java-transport/3.2.12/docker-java-transport-3.2.12.jar:/Users/darya/.m2/repository/net/java/dev/jna/jna/5.8.0/jna-5.8.0.jar:/Users/darya/.m2/repository/org/junit/jupiter/junit-jupiter-api/5.8.1/junit-jupiter-api-5.8.1.jar:/Users/darya/.m2/repository/org/opentest4j/opentest4j/1.2.0/opentest4j-1.2.0.jar:/Users/darya/.m2/repository/org/junit/platform/junit-platform-commons/1.8.1/junit-platform-commons-1.8.1.jar:/Users/darya/.m2/repository/org/apiguardian/apiguardian-api/1.1.2/apiguardian-api-1.1.2.jar:/Users/darya/.m2/repository/io/jsonwebtoken/jjwt/0.9.1/jjwt-0.9.1.jar:/Users/darya/.m2/repository/com/fasterxml/jackson/core/jackson-databind/2.13.0/jackson-databind-2.13.0.jar:/Users/darya/.m2/repository/com/fasterxml/jackson/core/jackson-annotations/2.13.0/jackson-annotations-2.13.0.jar:/Users/darya/.m2/repository/com/fasterxml/jackson/core/jackson-core/2.13.0/jackson-core-2.13.0.jar:/Users/darya/.m2/repository/org/liquibase/liquibase-core/4.5.0/liquibase-core-4.5.0.jar:/Users/darya/.m2/repository/javax/xml/bind/jaxb-api/2.3.1/jaxb-api-2.3.1.jar:/Users/darya/.m2/repository/javax/activation/javax.activation-api/1.2.0/javax.activation-api-1.2.0.jar:/Users/darya/.m2/repository/org/testcontainers/mysql/1.16.0/mysql-1.16.0.jar:/Users/darya/.m2/repository/org/testcontainers/jdbc/1.16.0/jdbc-1.16.0.jar:/Users/darya/.m2/repository/org/testcontainers/database-commons/1.16.0/database-commons-1.16.0.jar:"/>
    <property name="java.vm.vendor" value="Oracle Corporation"/>
    <property name="sun.arch.data.model" value="64"/>
    <property name="java.vendor.url" value="https://java.oracle.com/"/>
    <property name="os.name" value="Mac OS X"/>
    <property name="java.vm.specification.version" value="21"/>
    <property name="sun.java.launcher" value="SUN_STANDARD"/>
    <property name="user.country" value="RU"/>
    <property name="sun.boot.library.path" value="/Users/darya/Library/Java/JavaVirtualMachines/openjdk-21.0.1/Contents/Home/lib"/>
    <property name="sun.java.command" value="/Users/darya/IdeaProjects/DiplomaCloud/target/surefire/surefirebooter589521602828466913.jar /Users/darya/IdeaProjects/DiplomaCloud/target/surefire 2024-09-02T15-02-36_441-jvmRun1 surefire2642520896337743486tmp surefire_06154293873464486163tmp"/>
    <property name="http.nonProxyHosts" value="local|*.local|169.254/16|*.169.254/16"/>
    <property name="jdk.debug" value="release"/>
    <property name="surefire.test.class.path" value="/Users/darya/IdeaProjects/DiplomaCloud/target/test-classes:/Users/darya/IdeaProjects/DiplomaCloud/target/classes:/Users/darya/.m2/repository/org/springframework/boot/spring-boot-starter-data-jpa/2.6.1/spring-boot-starter-data-jpa-2.6.1.jar:/Users/darya/.m2/repository/org/springframework/boot/spring-boot-starter-aop/2.6.1/spring-boot-starter-aop-2.6.1.jar:/Users/darya/.m2/repository/org/aspectj/aspectjweaver/1.9.7/aspectjweaver-1.9.7.jar:/Users/darya/.m2/repository/org/springframework/boot/spring-boot-starter-jdbc/2.6.1/spring-boot-starter-jdbc-2.6.1.jar:/Users/darya/.m2/repository/com/zaxxer/HikariCP/4.0.3/HikariCP-4.0.3.jar:/Users/darya/.m2/repository/org/springframework/spring-jdbc/5.3.13/spring-jdbc-5.3.13.jar:/Users/darya/.m2/repository/jakarta/transaction/jakarta.transaction-api/1.3.3/jakarta.transaction-api-1.3.3.jar:/Users/darya/.m2/repository/jakarta/persistence/jakarta.persistence-api/2.2.3/jakarta.persistence-api-2.2.3.jar:/Users/darya/.m2/repository/org/hibernate/hibernate-core/5.6.1.Final/hibernate-core-5.6.1.Final.jar:/Users/darya/.m2/repository/org/jboss/logging/jboss-logging/3.4.2.Final/jboss-logging-3.4.2.Final.jar:/Users/darya/.m2/repository/net/bytebuddy/byte-buddy/1.11.22/byte-buddy-1.11.22.jar:/Users/darya/.m2/repository/antlr/antlr/2.7.7/antlr-2.7.7.jar:/Users/darya/.m2/repository/org/jboss/jandex/2.2.3.Final/jandex-2.2.3.Final.jar:/Users/darya/.m2/repository/com/fasterxml/classmate/1.5.1/classmate-1.5.1.jar:/Users/darya/.m2/repository/org/hibernate/common/hibernate-commons-annotations/5.1.2.Final/hibernate-commons-annotations-5.1.2.Final.jar:/Users/darya/.m2/repository/org/glassfish/jaxb/jaxb-runtime/2.3.5/jaxb-runtime-2.3.5.jar:/Users/darya/.m2/repository/org/glassfish/jaxb/txw2/2.3.5/txw2-2.3.5.jar:/Users/darya/.m2/repository/com/sun/istack/istack-commons-runtime/3.0.12/istack-commons-runtime-3.0.12.jar:/Users/darya/.m2/repository/com/sun/activation/jakarta.activation/1.2.2/jakarta.activation-1.2.2.jar:/Users/darya/.m2/repository/org/springframework/data/spring-data-jpa/2.6.0/spring-data-jpa-2.6.0.jar:/Users/darya/.m2/repository/org/springframework/data/spring-data-commons/2.6.0/spring-data-commons-2.6.0.jar:/Users/darya/.m2/repository/org/springframework/spring-orm/5.3.13/spring-orm-5.3.13.jar:/Users/darya/.m2/repository/org/springframework/spring-context/5.3.13/spring-context-5.3.13.jar:/Users/darya/.m2/repository/org/springframework/spring-tx/5.3.13/spring-tx-5.3.13.jar:/Users/darya/.m2/repository/org/springframework/spring-beans/5.3.13/spring-beans-5.3.13.jar:/Users/darya/.m2/repository/org/springframework/spring-aspects/5.3.13/spring-aspects-5.3.13.jar:/Users/darya/.m2/repository/org/springframework/boot/spring-boot-starter-security/2.6.1/spring-boot-starter-security-2.6.1.jar:/Users/darya/.m2/repository/org/springframework/boot/spring-boot-starter/2.6.1/spring-boot-starter-2.6.1.jar:/Users/darya/.m2/repository/org/springframework/boot/spring-boot/2.6.1/spring-boot-2.6.1.jar:/Users/darya/.m2/repository/org/springframework/boot/spring-boot-autoconfigure/2.6.1/spring-boot-autoconfigure-2.6.1.jar:/Users/darya/.m2/repository/org/springframework/boot/spring-boot-starter-logging/2.6.1/spring-boot-starter-logging-2.6.1.jar:/Users/darya/.m2/repository/org/apache/logging/log4j/log4j-to-slf4j/2.14.1/log4j-to-slf4j-2.14.1.jar:/Users/darya/.m2/repository/org/apache/logging/log4j/log4j-api/2.14.1/log4j-api-2.14.1.jar:/Users/darya/.m2/repository/org/slf4j/jul-to-slf4j/1.7.32/jul-to-slf4j-1.7.32.jar:/Users/darya/.m2/repository/jakarta/annotation/jakarta.annotation-api/1.3.5/jakarta.annotation-api-1.3.5.jar:/Users/darya/.m2/repository/org/yaml/snakeyaml/1.29/snakeyaml-1.29.jar:/Users/darya/.m2/repository/org/springframework/spring-aop/5.3.13/spring-aop-5.3.13.jar:/Users/darya/.m2/repository/org/springframework/security/spring-security-config/5.6.0/spring-security-config-5.6.0.jar:/Users/darya/.m2/repository/org/springframework/security/spring-security-web/5.6.0/spring-security-web-5.6.0.jar:/Users/darya/.m2/repository/org/springframework/spring-expression/5.3.13/spring-expression-5.3.13.jar:/Users/darya/.m2/repository/org/springframework/boot/spring-boot-starter-web/2.6.1/spring-boot-starter-web-2.6.1.jar:/Users/darya/.m2/repository/org/springframework/boot/spring-boot-starter-json/2.6.1/spring-boot-starter-json-2.6.1.jar:/Users/darya/.m2/repository/com/fasterxml/jackson/datatype/jackson-datatype-jdk8/2.13.0/jackson-datatype-jdk8-2.13.0.jar:/Users/darya/.m2/repository/com/fasterxml/jackson/datatype/jackson-datatype-jsr310/2.13.0/jackson-datatype-jsr310-2.13.0.jar:/Users/darya/.m2/repository/com/fasterxml/jackson/module/jackson-module-parameter-names/2.13.0/jackson-module-parameter-names-2.13.0.jar:/Users/darya/.m2/repository/org/springframework/boot/spring-boot-starter-tomcat/2.6.1/spring-boot-starter-tomcat-2.6.1.jar:/Users/darya/.m2/repository/org/apache/tomcat/embed/tomcat-embed-core/9.0.55/tomcat-embed-core-9.0.55.jar:/Users/darya/.m2/repository/org/apache/tomcat/embed/tomcat-embed-el/9.0.55/tomcat-embed-el-9.0.55.jar:/Users/darya/.m2/repository/org/apache/tomcat/embed/tomcat-embed-websocket/9.0.55/tomcat-embed-websocket-9.0.55.jar:/Users/darya/.m2/repository/org/springframework/spring-web/5.3.13/spring-web-5.3.13.jar:/Users/darya/.m2/repository/org/springframework/spring-webmvc/5.3.13/spring-webmvc-5.3.13.jar:/Users/darya/.m2/repository/org/postgresql/postgresql/42.7.1/postgresql-42.7.1.jar:/Users/darya/.m2/repository/org/checkerframework/checker-qual/3.41.0/checker-qual-3.41.0.jar:/Users/darya/.m2/repository/org/projectlombok/lombok/1.18.30/lombok-1.18.30.jar:/Users/darya/.m2/repository/org/springframework/boot/spring-boot-starter-test/2.6.1/spring-boot-starter-test-2.6.1.jar:/Users/darya/.m2/repository/org/springframework/boot/spring-boot-test/2.6.1/spring-boot-test-2.6.1.jar:/Users/darya/.m2/repository/org/springframework/boot/spring-boot-test-autoconfigure/2.6.1/spring-boot-test-autoconfigure-2.6.1.jar:/Users/darya/.m2/repository/com/jayway/jsonpath/json-path/2.6.0/json-path-2.6.0.jar:/Users/darya/.m2/repository/net/minidev/json-smart/2.4.7/json-smart-2.4.7.jar:/Users/darya/.m2/repository/net/minidev/accessors-smart/2.4.7/accessors-smart-2.4.7.jar:/Users/darya/.m2/repository/org/ow2/asm/asm/9.1/asm-9.1.jar:/Users/darya/.m2/repository/jakarta/xml/bind/jakarta.xml.bind-api/2.3.3/jakarta.xml.bind-api-2.3.3.jar:/Users/darya/.m2/repository/jakarta/activation/jakarta.activation-api/1.2.2/jakarta.activation-api-1.2.2.jar:/Users/darya/.m2/repository/org/assertj/assertj-core/3.21.0/assertj-core-3.21.0.jar:/Users/darya/.m2/repository/org/hamcrest/hamcrest/2.2/hamcrest-2.2.jar:/Users/darya/.m2/repository/org/junit/jupiter/junit-jupiter/5.8.1/junit-jupiter-5.8.1.jar:/Users/darya/.m2/repository/org/junit/jupiter/junit-jupiter-params/5.8.1/junit-jupiter-params-5.8.1.jar:/Users/darya/.m2/repository/org/junit/jupiter/junit-jupiter-engine/5.8.1/junit-jupiter-engine-5.8.1.jar:/Users/darya/.m2/repository/org/junit/platform/junit-platform-engine/1.8.1/junit-platform-engine-1.8.1.jar:/Users/darya/.m2/repository/org/mockito/mockito-core/4.0.0/mockito-core-4.0.0.jar:/Users/darya/.m2/repository/net/bytebuddy/byte-buddy-agent/1.11.22/byte-buddy-agent-1.11.22.jar:/Users/darya/.m2/repository/org/objenesis/objenesis/3.2/objenesis-3.2.jar:/Users/darya/.m2/repository/org/mockito/mockito-junit-jupiter/4.0.0/mockito-junit-jupiter-4.0.0.jar:/Users/darya/.m2/repository/org/skyscreamer/jsonassert/1.5.0/jsonassert-1.5.0.jar:/Users/darya/.m2/repository/com/vaadin/external/google/android-json/0.0.20131108.vaadin1/android-json-0.0.20131108.vaadin1.jar:/Users/darya/.m2/repository/org/springframework/spring-core/5.3.13/spring-core-5.3.13.jar:/Users/darya/.m2/repository/org/springframework/spring-jcl/5.3.13/spring-jcl-5.3.13.jar:/Users/darya/.m2/repository/org/springframework/spring-test/5.3.13/spring-test-5.3.13.jar:/Users/darya/.m2/repository/org/xmlunit/xmlunit-core/2.8.3/xmlunit-core-2.8.3.jar:/Users/darya/.m2/repository/org/springframework/security/spring-security-test/5.6.0/spring-security-test-5.6.0.jar:/Users/darya/.m2/repository/org/springframework/security/spring-security-core/5.6.0/spring-security-core-5.6.0.jar:/Users/darya/.m2/repository/org/springframework/security/spring-security-crypto/5.6.0/spring-security-crypto-5.6.0.jar:/Users/darya/.m2/repository/javax/validation/validation-api/2.0.1.Final/validation-api-2.0.1.Final.jar:/Users/darya/.m2/repository/ch/qos/logback/logback-classic/1.2.3/logback-classic-1.2.3.jar:/Users/darya/.m2/repository/ch/qos/logback/logback-core/1.2.7/logback-core-1.2.7.jar:/Users/darya/.m2/repository/org/slf4j/slf4j-api/1.7.32/slf4j-api-1.7.32.jar:/Users/darya/.m2/repository/org/apache/httpcomponents/httpclient/4.5.13/httpclient-4.5.13.jar:/Users/darya/.m2/repository/org/apache/httpcomponents/httpcore/4.4.14/httpcore-4.4.14.jar:/Users/darya/.m2/repository/commons-codec/commons-codec/1.15/commons-codec-1.15.jar:/Users/darya/.m2/repository/org/testcontainers/junit-jupiter/1.16.2/junit-jupiter-1.16.2.jar:/Users/darya/.m2/repository/org/testcontainers/testcontainers/1.16.2/testcontainers-1.16.2.jar:/Users/darya/.m2/repository/junit/junit/4.13.2/junit-4.13.2.jar:/Users/darya/.m2/repository/org/hamcrest/hamcrest-core/2.2/hamcrest-core-2.2.jar:/Users/darya/.m2/repository/org/apache/commons/commons-compress/1.21/commons-compress-1.21.jar:/Users/darya/.m2/repository/org/rnorth/duct-tape/duct-tape/1.0.8/duct-tape-1.0.8.jar:/Users/darya/.m2/repository/org/jetbrains/annotations/17.0.0/annotations-17.0.0.jar:/Users/darya/.m2/repository/com/github/docker-java/docker-java-api/3.2.12/docker-java-api-3.2.12.jar:/Users/darya/.m2/repository/com/github/docker-java/docker-java-transport-zerodep/3.2.12/docker-java-transport-zerodep-3.2.12.jar:/Users/darya/.m2/repository/com/github/docker-java/docker-java-transport/3.2.12/docker-java-transport-3.2.12.jar:/Users/darya/.m2/repository/net/java/dev/jna/jna/5.8.0/jna-5.8.0.jar:/Users/darya/.m2/repository/org/junit/jupiter/junit-jupiter-api/5.8.1/junit-jupiter-api-5.8.1.jar:/Users/darya/.m2/repository/org/opentest4j/opentest4j/1.2.0/opentest4j-1.2.0.jar:/Users/darya/.m2/repository/org/junit/platform/junit-platform-commons/1.8.1/junit-platform-commons-1.8.1.jar:/Users/darya/.m2/repository/org/apiguardian/apiguardian-api/1.1.2/apiguardian-api-1.1.2.jar:/Users/darya/.m2/repository/io/jsonwebtoken/jjwt/0.9.1/jjwt-0.9.1.jar:/Users/darya/.m2/repository/com/fasterxml/jackson/core/jackson-databind/2.13.0/jackson-databind-2.13.0.jar:/Users/darya/.m2/repository/com/fasterxml/jackson/core/jackson-annotations/2.13.0/jackson-annotations-2.13.0.jar:/Users/darya/.m2/repository/com/fasterxml/jackson/core/jackson-core/2.13.0/jackson-core-2.13.0.jar:/Users/darya/.m2/repository/org/liquibase/liquibase-core/4.5.0/liquibase-core-4.5.0.jar:/Users/darya/.m2/repository/javax/xml/bind/jaxb-api/2.3.1/jaxb-api-2.3.1.jar:/Users/darya/.m2/repository/javax/activation/javax.activation-api/1.2.0/javax.activation-api-1.2.0.jar:/Users/darya/.m2/repository/org/testcontainers/mysql/1.16.0/mysql-1.16.0.jar:/Users/darya/.m2/repository/org/testcontainers/jdbc/1.16.0/jdbc-1.16.0.jar:/Users/darya/.m2/repository/org/testcontainers/database-commons/1.16.0/database-commons-1.16.0.jar:"/>
    <property name="sun.cpu.endian" value="little"/>
    <property name="user.home" value="/Users/darya"/>
    <property name="user.language" value="ru"/>
    <property name="java.specification.vendor" value="Oracle Corporation"/>
    <property name="java.version.date" value="2023-10-17"/>
    <property name="java.home" value="/Users/darya/Library/Java/JavaVirtualMachines/openjdk-21.0.1/Contents/Home"/>
    <property name="file.separator" value="/"/>
    <property name="basedir" value="/Users/darya/IdeaProjects/DiplomaCloud"/>
    <property name="java.vm.compressedOopsMode" value="Zero based"/>
    <property name="line.separator" value="&#10;"/>
    <property name="java.vm.specification.vendor" value="Oracle Corporation"/>
    <property name="java.specification.name" value="Java Platform API Specification"/>
    <property name="apple.awt.application.name" value="ForkedBooter"/>
    <property name="surefire.real.class.path" value="/Users/darya/IdeaProjects/DiplomaCloud/target/surefire/surefirebooter589521602828466913.jar"/>
    <property name="sun.management.compiler" value="HotSpot 64-Bit Tiered Compilers"/>
    <property name="ftp.nonProxyHosts" value="local|*.local|169.254/16|*.169.254/16"/>
    <property name="java.runtime.version" value="21.0.1+12-29"/>
    <property name="user.name" value="darya"/>
    <property name="stdout.encoding" value="UTF-8"/>
    <property name="path.separator" value=":"/>
    <property name="os.version" value="10.15.7"/>
    <property name="java.runtime.name" value="OpenJDK Runtime Environment"/>
    <property name="file.encoding" value="UTF-8"/>
    <property name="java.vm.name" value="OpenJDK 64-Bit Server VM"/>
    <property name="localRepository" value="/Users/darya/.m2/repository"/>
    <property name="java.vendor.url.bug" value="https://bugreport.java.com/bugreport/"/>
    <property name="java.io.tmpdir" value="/var/folders/03/1t09fbvn6ss0dkdmtxbqhvww0000gn/T/"/>
    <property name="idea.version" value="2024.2.0.1"/>
    <property name="java.version" value="21.0.1"/>
    <property name="user.dir" value="/Users/darya/IdeaProjects/DiplomaCloud"/>
    <property name="os.arch" value="x86_64"/>
    <property name="java.vm.specification.name" value="Java Virtual Machine Specification"/>
    <property name="native.encoding" value="UTF-8"/>
    <property name="java.library.path" value="/Users/darya/Library/Java/Extensions:/Library/Java/Extensions:/Network/Library/Java/Extensions:/System/Library/Java/Extensions:/usr/lib/java:."/>
    <property name="java.vm.info" value="mixed mode, sharing"/>
    <property name="stderr.encoding" value="UTF-8"/>
    <property name="java.vendor" value="Oracle Corporation"/>
    <property name="java.vm.version" value="21.0.1+12-29"/>
    <property name="sun.io.unicode.encoding" value="UnicodeBig"/>
    <property name="socksNonProxyHosts" value="local|*.local|169.254/16|*.169.254/16"/>
    <property name="java.class.version" value="65.0"/>
  </properties>
  <testcase name="downloadFileUnauthorized" classname="ru.netology.service.FileServiceTest" time="0.157"/>
  <testcase name="deleteFileInputDataException" classname="ru.netology.service.FileServiceTest" time="0.007"/>
  <testcase name="getAllFiles" classname="ru.netology.service.FileServiceTest" time="0.011"/>
  <testcase name="editFileNameInputDataException" classname="ru.netology.service.FileServiceTest" time="0.005"/>
  <testcase name="uploadFile" classname="ru.netology.service.FileServiceTest" time="0.005"/>
  <testcase name="editFileNameUnauthorized" classname="ru.netology.service.FileServiceTest" time="0.01"/>
  <testcase name="uploadFileUnauthorized" classname="ru.netology.service.FileServiceTest" time="0.009"/>
  <testcase name="downloadFileInputDataException" classname="ru.netology.service.FileServiceTest" time="0.043"/>
  <testcase name="getAllFilesUnauthorized" classname="ru.netology.service.FileServiceTest" time="0.012"/>
  <testcase name="downloadFile" classname="ru.netology.service.FileServiceTest" time="0.006"/>
  <testcase name="deleteFileUnauthorized" classname="ru.netology.service.FileServiceTest" time="0.005"/>
  <testcase name="deleteFile" classname="ru.netology.service.FileServiceTest" time="0.02"/>
  <testcase name="editFileName" classname="ru.netology.service.FileServiceTest" time="0.008"/>
</testsuite>